<?xml version="1.0" encoding="UTF-8"?>
<testsuite name="Autenticacion en la aplicacion Wordpress" tests="1" skipped="0" failures="0" errors="0" timestamp="2023-04-04T18:58:42" hostname="LTBG60836" time="45.484">
  <properties/>
  <testcase name="Autenticacion en la app Wordpress" classname="Autenticacion en la aplicacion Wordpress" time="45.484"/>
  <system-out><![CDATA[]]></system-out>
  <system-err><![CDATA[abr 04, 2023 1:59:06 PM io.appium.java_client.remote.AppiumCommandExecutor$1 lambda$0
INFORMACIÓN: Detected dialect: W3C
[Test worker] INFO net.thucydides.core.steps.ConsoleLoggingListener - 
        __    _____ _____ ____ _____   ____   _    ____  ____  _____ ____  
  _     \ \  |_   _| ____/ ___|_   _| |  _ \ / \  / ___|/ ___|| ____|  _ \ 
 (_)_____| |   | | |  _| \___ \ | |   | |_) / _ \ \___ \\___ \|  _| | | | |
  _|_____| |   | | | |___ ___) || |   |  __/ ___ \ ___) |___) | |___| |_| |
 (_)     | |   |_| |_____|____/ |_|   |_| /_/   \_\____/|____/|_____|____/ 
        /_/                                                                

TEST PASSED: Autenticacion en la app Wordpress
----------------------------------------------------------------------------
]]></system-err>
</testsuite>
